[0528/014932.481:ERROR:process_info.cc(329)] VirtualQueryEx: Access is denied. (0x5)
[0528/014932.485:ERROR:process_info.cc(556)] ReadMemoryInfo failed
[0528/014932.485:ERROR:process_memory_win.cc(39)] Failed to initialize ProcessInfo.
[0528/014932.479:ERROR:process_reader_win.cc(123)] NtOpenThread: {Access Denied} A process has requested access to an object, but has not been granted those access rights. (0xc0000022)
[0528/014932.476:ERROR:process_reader_win.cc(123)] NtOpenThread: {Access Denied} A process has requested access to an object, but has not been granted those access rights. (0xc0000022)
[0528/014932.476:ERROR:process_reader_win.cc(123)] NtOpenThread: {Access Denied} A process has requested access to an object, but has not been granted those access rights. (0xc0000022)
[0528/014932.504:ERROR:exception_snapshot_win.cc(98)] thread ID 14768 not found in process
[0528/014932.504:ERROR:exception_snapshot_win.cc(98)] thread ID 13604 not found in process
[0528/014932.505:ERROR:exception_snapshot_win.cc(98)] thread ID 15644 not found in process
[0717/164237.883:ERROR:process_reader_win.cc(123)] NtOpenThread: {Access Denied} A process has requested access to an object, but has not been granted those access rights. (0xc0000022)
[0717/164237.883:ERROR:process_reader_win.cc(123)] NtOpenThread: {Access Denied} A process has requested access to an object, but has not been granted those access rights. (0xc0000022)
[0717/164238.178:ERROR:exception_snapshot_win.cc(98)] thread ID 13956 not found in process
[0717/164237.883:ERROR:process_reader_win.cc(123)] NtOpenThread: {Access Denied} A process has requested access to an object, but has not been granted those access rights. (0xc0000022)
[0717/164237.886:ERROR:process_reader_win.cc(123)] NtOpenThread: {Access Denied} A process has requested access to an object, but has not been granted those access rights. (0xc0000022)
[0717/164237.883:ERROR:process_reader_win.cc(123)] NtOpenThread: {Access Denied} A process has requested access to an object, but has not been granted those access rights. (0xc0000022)
[0717/164237.883:ERROR:process_reader_win.cc(123)] NtOpenThread: {Access Denied} A process has requested access to an object, but has not been granted those access rights. (0xc0000022)
[0717/164237.883:ERROR:process_reader_win.cc(123)] NtOpenThread: {Access Denied} A process has requested access to an object, but has not been granted those access rights. (0xc0000022)
[0717/164237.883:ERROR:process_reader_win.cc(123)] NtOpenThread: {Access Denied} A process has requested access to an object, but has not been granted those access rights. (0xc0000022)
[0717/164238.178:ERROR:exception_snapshot_win.cc(98)] thread ID 20172 not found in process
[0717/164238.178:ERROR:exception_snapshot_win.cc(98)] thread ID 7400 not found in process
[0717/164238.178:ERROR:exception_snapshot_win.cc(98)] thread ID 11092 not found in process
[0717/164238.178:ERROR:exception_snapshot_win.cc(98)] thread ID 11128 not found in process
[0717/164238.179:ERROR:exception_snapshot_win.cc(98)] thread ID 16248 not found in process
[0717/164238.179:ERROR:exception_snapshot_win.cc(98)] thread ID 9564 not found in process
[0717/164238.179:ERROR:exception_snapshot_win.cc(98)] thread ID 21328 not found in process
